2025-10-28 13:08:46,340 - INFO - Starting crawl from: https://quotes.toscrape.com
2025-10-28 13:08:46,340 - INFO - Max pages: 30
2025-10-28 13:08:48,528 - INFO - Crawled (1): https://quotes.toscrape.com
2025-10-28 13:08:50,731 - INFO - Crawled (2): https://quotes.toscrape.com/author/Marilyn-Monroe
2025-10-28 13:08:52,447 - INFO - Crawled (3): https://quotes.toscrape.com/tag/success/page/1/
2025-10-28 13:08:54,196 - INFO - Crawled (4): https://quotes.toscrape.com/tag/reading/
2025-10-28 13:08:55,957 - INFO - Crawled (5): https://quotes.toscrape.com/tag/failure/page/1/
2025-10-28 13:08:57,675 - INFO - Crawled (6): https://quotes.toscrape.com/tag/classic/page/1/
2025-10-28 13:08:59,684 - INFO - Crawled (7): https://quotes.toscrape.com/tag/books/
2025-10-28 13:09:01,426 - INFO - Crawled (8): https://quotes.toscrape.com/tag/simile/
2025-10-28 13:09:03,401 - INFO - Crawled (9): https://quotes.toscrape.com/
2025-10-28 13:09:05,641 - INFO - Crawled (10): https://quotes.toscrape.com/author/Albert-Einstein
2025-10-28 13:09:07,390 - INFO - Crawled (11): https://quotes.toscrape.com/tag/choices/page/1/
2025-10-28 13:09:09,389 - INFO - Crawled (12): https://quotes.toscrape.com/tag/inspirational/page/1/
2025-10-28 13:09:11,589 - INFO - Crawled (13): https://quotes.toscrape.com/author/J-K-Rowling
2025-10-28 13:09:13,826 - INFO - Crawled (14): https://quotes.toscrape.com/author/Eleanor-Roosevelt
2025-10-28 13:09:15,528 - INFO - Crawled (15): https://quotes.toscrape.com/tag/miracles/page/1/
2025-10-28 13:09:17,262 - INFO - Crawled (16): https://quotes.toscrape.com/tag/misattributed-eleanor-roosevelt/page/1/
2025-10-28 13:09:18,967 - INFO - Crawled (17): https://quotes.toscrape.com/tag/obvious/page/1/
2025-10-28 13:09:20,961 - INFO - Crawled (18): https://quotes.toscrape.com/tag/love/
2025-10-28 13:09:22,713 - INFO - Crawled (19): https://quotes.toscrape.com/tag/be-yourself/page/1/
2025-10-28 13:09:24,463 - INFO - Crawled (20): https://quotes.toscrape.com/tag/adulthood/page/1/
2025-10-28 13:09:26,182 - INFO - Crawled (21): https://quotes.toscrape.com/tag/value/page/1/
2025-10-28 13:09:27,890 - INFO - Crawled (22): https://quotes.toscrape.com/login
2025-10-28 13:09:29,636 - INFO - Crawled (23): https://quotes.toscrape.com/tag/edison/page/1/
2025-10-28 13:09:31,335 - INFO - Crawled (24): https://quotes.toscrape.com/tag/paraphrased/page/1/
2025-10-28 13:09:33,088 - INFO - Crawled (25): https://quotes.toscrape.com/tag/truth/
2025-10-28 13:09:34,833 - INFO - Crawled (26): https://quotes.toscrape.com/tag/abilities/page/1/
2025-10-28 13:09:36,772 - INFO - Crawled (27): https://quotes.toscrape.com/tag/humor/
2025-10-28 13:09:38,485 - INFO - Crawled (28): https://quotes.toscrape.com/tag/friends/
2025-10-28 13:09:40,208 - INFO - Crawled (29): https://quotes.toscrape.com/tag/world/page/1/
2025-10-28 13:09:42,145 - INFO - Crawled (30): https://quotes.toscrape.com/tag/humor/page/1/
2025-10-28 13:15:44,723 - INFO - Starting crawl from: https://docs.python.org/3/
2025-10-28 13:15:44,724 - INFO - Max pages: 30
2025-10-28 13:15:45,832 - INFO - Crawled (1): https://docs.python.org/3/
2025-10-28 13:15:47,125 - INFO - Crawled (2): https://docs.python.org/bugs.html
2025-10-28 13:15:48,391 - INFO - Crawled (3): https://docs.python.org/3.0/
2025-10-28 13:15:49,461 - INFO - Crawled (4): https://docs.python.org/3/bugs.html
2025-10-28 13:15:50,728 - INFO - Crawled (5): https://docs.python.org/3/search.html
2025-10-28 13:15:52,008 - INFO - Crawled (6): https://docs.python.org/3/contents.html
2025-10-28 13:15:53,605 - INFO - Crawled (7): https://docs.python.org/3.9/
2025-10-28 13:15:54,689 - INFO - Crawled (8): https://docs.python.org/3.6/
2025-10-28 13:15:55,737 - INFO - Crawled (9): https://docs.python.org/3.8/
2025-10-28 13:15:57,034 - INFO - Crawled (10): https://docs.python.org/3.7/
2025-10-28 13:15:58,305 - INFO - Crawled (11): https://docs.python.org/3/faq/index.html
2025-10-28 13:15:59,584 - INFO - Crawled (12): https://docs.python.org/3/whatsnew/index.html
2025-10-28 13:16:00,683 - INFO - Crawled (13): https://docs.python.org/3.13/
2025-10-28 13:16:01,960 - INFO - Crawled (14): https://docs.python.org/3/download.html
2025-10-28 13:16:03,236 - INFO - Crawled (15): https://docs.python.org/3.14/
2025-10-28 13:16:04,519 - INFO - Crawled (16): https://docs.python.org/3/genindex.html
2025-10-28 13:16:06,030 - INFO - Crawled (17): https://docs.python.org/license.html
2025-10-28 13:16:07,167 - INFO - Crawled (18): https://docs.python.org/3/c-api/index.html
2025-10-28 13:16:08,248 - INFO - Crawled (19): https://docs.python.org/3/installing/index.html
2025-10-28 13:16:09,539 - INFO - Crawled (20): https://docs.python.org/3.11/
2025-10-28 13:16:10,607 - INFO - Crawled (21): https://docs.python.org/3.10/
2025-10-28 13:16:11,887 - INFO - Crawled (22): https://docs.python.org/3/copyright.html
2025-10-28 13:16:13,155 - INFO - Crawled (23): https://docs.python.org/3/extending/index.html
2025-10-28 13:16:14,440 - INFO - Crawled (24): https://docs.python.org/3/about.html
2025-10-28 13:16:15,527 - INFO - Crawled (25): https://docs.python.org/3/py-modindex.html
2025-10-28 13:16:16,631 - INFO - Crawled (26): https://docs.python.org/3.12/
2025-10-28 13:16:17,729 - INFO - Crawled (27): https://docs.python.org/3/using/index.html
2025-10-28 13:16:19,006 - INFO - Crawled (28): https://docs.python.org/2.6/
2025-10-28 13:16:20,085 - INFO - Crawled (29): https://docs.python.org/3/library/index.html
2025-10-28 13:16:21,380 - INFO - Crawled (30): https://docs.python.org/2.7/
2025-10-30 23:43:16,697 - INFO - Starting crawl from: https://docs.python.org/3/
2025-10-30 23:43:16,698 - INFO - Max pages: 30
2025-10-30 23:43:17,884 - INFO - Crawled (1): https://docs.python.org/3/
2025-10-30 23:43:18,957 - INFO - Crawled (2): https://docs.python.org/3/bugs.html
2025-10-30 23:43:20,026 - INFO - Crawled (3): https://docs.python.org/3/whatsnew/3.14.html
2025-10-30 23:43:21,289 - INFO - Crawled (4): https://docs.python.org/3.5/
